<?xml version="1.0" encoding="UTF-8"?>
<!-- Generated by org.testng.reporters.JUnitReportReporter -->
<testsuite hostname="MANAN" failures="0" tests="1" name="test_class.Test_classes" time="6.847" errors="0" timestamp="2023-04-05T15:21:00 IST" skipped="0">
  <testcase classname="test_class.Test_classes" name="orchestractor" time="6.847"/>
  <system-out/>
</testsuite> <!-- test_class.Test_classes -->
